<?xml version="1.0" encoding="UTF-8"?>
<testsuite name="RunnerTest" tests="1" skipped="0" failures="0" errors="0" timestamp="2022-04-05T11:21:45" hostname="DESKTOP-GPO44UV" time="8.472">
  <properties/>
  <testcase name="check" classname="RunnerTest" time="8.472"/>
  <system-out><![CDATA[Проверка версий драйвера
Версии хрома и дравйера совпадают
Response{protocol=http/1.1, code=200, message=OK, url=http://trading.swesus.com/api/signals/ao_signals/?symbol=1&ordering=order}
Время в запросе  отличается МЕНЕЕ чем на 20 минут
 Время на стенде 2022-04-05 14:21:22
 Время текущее   2022-04-05 14:21:48
]]></system-out>
  <system-err><![CDATA[Starting ChromeDriver 100.0.4896.60 (6a5d10861ce8de5fce22564658033b43cb7de047-refs/branch-heads/4896@{#875}) on port 36772
Only local connections are allowed.
Please see https://chromedriver.chromium.org/security-considerations for suggestions on keeping ChromeDriver safe.
ChromeDriver was started successfully.
апр. 05, 2022 2:21:47 PM org.openqa.selenium.remote.ProtocolHandshake createSession
INFO: Detected dialect: W3C
]]></system-err>
</testsuite>
